<?xml version="1.0" encoding="UTF-8" ?>
<testsuite tests="13" failures="0" name="PrincipalTest" time="0.018" errors="0" skipped="0">
  <properties>
    <property name="java.runtime.name" value="OpenJDK Runtime Environment"/>
    <property name="java.vm.version" value="11.0.13+8"/>
    <property name="sun.boot.library.path" value="/usr/lib/jvm/java-11-openjdk/lib"/>
    <property name="maven.multiModuleProjectDirectory" value="/home/ivhy/Escritorio/practica-calificada-2-ivhyarleth/PracticaCalificada2"/>
    <property name="java.vm.vendor" value="Oracle Corporation"/>
    <property name="java.vendor.url" value="https://openjdk.java.net/"/>
    <property name="guice.disable.misplaced.annotation.check" value="true"/>
    <property name="path.separator" value=":"/>
    <property name="java.vm.name" value="OpenJDK 64-Bit Server VM"/>
    <property name="sun.os.patch.level" value="unknown"/>
    <property name="user.country" value="PE"/>
    <property name="sun.java.launcher" value="SUN_STANDARD"/>
    <property name="java.vm.specification.name" value="Java Virtual Machine Specification"/>
    <property name="user.dir" value="/home/ivhy/Escritorio/practica-calificada-2-ivhyarleth/PracticaCalificada2"/>
    <property name="java.vm.compressedOopsMode" value="32-bit"/>
    <property name="java.runtime.version" value="11.0.13+8"/>
    <property name="java.awt.graphicsenv" value="sun.awt.X11GraphicsEnvironment"/>
    <property name="os.arch" value="amd64"/>
    <property name="java.io.tmpdir" value="/tmp"/>
    <property name="line.separator" value="
"/>
    <property name="java.vm.specification.vendor" value="Oracle Corporation"/>
    <property name="os.name" value="Linux"/>
    <property name="classworlds.conf" value="/opt/maven/bin/m2.conf"/>
    <property name="sun.jnu.encoding" value="UTF-8"/>
    <property name="java.library.path" value="/usr/java/packages/lib:/usr/lib64:/lib64:/lib:/usr/lib"/>
    <property name="maven.conf" value="/opt/maven/conf"/>
    <property name="jdk.debug" value="release"/>
    <property name="java.class.version" value="55.0"/>
    <property name="java.specification.name" value="Java Platform API Specification"/>
    <property name="sun.management.compiler" value="HotSpot 64-Bit Tiered Compilers"/>
    <property name="os.version" value="5.13.19-2-MANJARO"/>
    <property name="library.jansi.path" value="/opt/maven/lib/jansi-native"/>
    <property name="user.home" value="/home/ivhy"/>
    <property name="user.timezone" value="America/Lima"/>
    <property name="java.awt.printerjob" value="sun.print.PSPrinterJob"/>
    <property name="file.encoding" value="UTF-8"/>
    <property name="java.specification.version" value="11"/>
    <property name="user.name" value="ivhy"/>
    <property name="java.class.path" value="/opt/maven/boot/plexus-classworlds-2.6.0.jar"/>
    <property name="java.vm.specification.version" value="11"/>
    <property name="sun.arch.data.model" value="64"/>
    <property name="sun.java.command" value="org.codehaus.plexus.classworlds.launcher.Launcher verify org.sonarsource.scanner.maven:sonar-maven-plugin:sonar"/>
    <property name="java.home" value="/usr/lib/jvm/java-11-openjdk"/>
    <property name="user.language" value="es"/>
    <property name="java.specification.vendor" value="Oracle Corporation"/>
    <property name="awt.toolkit" value="sun.awt.X11.XToolkit"/>
    <property name="java.vm.info" value="mixed mode"/>
    <property name="java.version" value="11.0.13"/>
    <property name="java.vendor" value="Oracle Corporation"/>
    <property name="maven.home" value="/opt/maven"/>
    <property name="file.separator" value="/"/>
    <property name="java.version.date" value="2021-10-19"/>
    <property name="java.vendor.url.bug" value="https://bugreport.java.com/bugreport/"/>
    <property name="sun.io.unicode.encoding" value="UnicodeLittle"/>
    <property name="sun.cpu.endian" value="little"/>
    <property name="sun.cpu.isalist" value=""/>
  </properties>
  <testcase classname="PrincipalTest" name="calculate_average_grade_given_different_exam_grades_and_attending_the_minimum_classes" time="0.017"/>
  <testcase classname="PrincipalTest" name="calculate_same_grade_given_one_single_exam_and_attending_the_minimum_classes" time="0"/>
  <testcase classname="PrincipalTest" name="fail_given_different_exam_grades_but_not_attending_the_minimum_classes" time="0.001"/>
  <testcase classname="PrincipalTest" name="fail_given_odd_exam_grades_but_attending_the_minimum_classes" time="0"/>
  <testcase classname="PrincipalTest" name="fail_given_one_single_exam_but_not_attending_the_minimum_classes" time="0"/>
  <testcase classname="PrincipalTest" name="fail_given_there_are_no_exams" time="0"/>
  <testcase classname="PrincipalTest" name="fail_when_there_are_no_exams_and_has_not_attended_the_minimum_classes" time="0"/>
  <testcase classname="PrincipalTest" name="increase_one_extra_point_if_there_is_any_benevolent_teacher_in_the_year_to_calculate_grades" time="0"/>
  <testcase classname="PrincipalTest" name="maintain_10_as_the_maximum_grade_even_if_increasing_one_extra_point" time="0"/>
  <testcase classname="PrincipalTest" name="not_increase_one_extra_point_if_there_is_not_any_benevolent_teacher_in_the_year_to_calculate_grades" time="0"/>
  <testcase classname="PrincipalTest" name="round_up_to_2_decimals_given_odd_exam_grades_and_attending_the_minimum_classes" time="0"/>
  <testcase classname="PrincipalTest" name="validate_all_exam_grades_weight_below_100" time="0"/>
  <testcase classname="PrincipalTest" name="validate_all_exam_grades_weight_over_100" time="0"/>
</testsuite>